# JRE version: OpenJDK Runtime Environment (8.0_202-b03) (build 1.8.0_202-release-1483-b03)
# Java VM: OpenJDK 64-Bit Server VM (25.202-b03 mixed mode windows-amd64 compressed oops)
Heap:
 PSYoungGen      total 158720K, used 40845K [0x00000000e0000000, 0x00000000ec280000, 0x0000000100000000)
  eden space 142848K, 17% used [0x00000000e0000000,0x00000000e18682d8,0x00000000e8b80000)
  from space 15872K, 99% used [0x00000000e8b80000,0x00000000e9afb2b0,0x00000000e9b00000)
  to   space 22016K, 0% used [0x00000000ead00000,0x00000000ead00000,0x00000000ec280000)
 ParOldGen       total 136192K, used 42259K [0x00000000a0000000, 0x00000000a8500000, 0x00000000e0000000)
  object space 136192K, 31% used [0x00000000a0000000,0x00000000a2944d08,0x00000000a8500000)
 Metaspace       used 64906K, capacity 67093K, committed 67352K, reserved 1107968K
  class space    used 8715K, capacity 9207K, committed 9256K, reserved 1048576K
GC Heap History (10 events):
Event: 20.014 GC heap before
{Heap before GC invocations=16 (full 2):
 PSYoungGen      total 109056K, used 108135K [0x00000000e0000000, 0x00000000e8c00000, 0x0000000100000000)
  eden space 97280K, 100% used [0x00000000e0000000,0x00000000e5f00000,0x00000000e5f00000)
  from space 11776K, 92% used [0x00000000e5f00000,0x00000000e6999e88,0x00000000e6a80000)
  to   space 12800K, 0% used [0x00000000e7f80000,0x00000000e7f80000,0x00000000e8c00000)
 ParOldGen       total 90624K, used 20572K [0x00000000a0000000, 0x00000000a5880000, 0x00000000e0000000)
  object space 90624K, 22% used [0x00000000a0000000,0x00000000a14173c0,0x00000000a5880000)
 Metaspace       used 56259K, capacity 57854K, committed 58024K, reserved 1099776K
  class space    used 7674K, capacity 8089K, committed 8104K, reserved 1048576K
Event: 20.037 GC heap after
Heap after GC invocations=16 (full 2):
 PSYoungGen      total 128000K, used 12773K [0x00000000e0000000, 0x00000000e9780000, 0x0000000100000000)
  eden space 115200K, 0% used [0x00000000e0000000,0x00000000e0000000,0x00000000e7080000)
  from space 12800K, 99% used [0x00000000e7f80000,0x00000000e8bf9680,0x00000000e8c00000)
  to   space 15360K, 0% used [0x00000000e7080000,0x00000000e7080000,0x00000000e7f80000)
 ParOldGen       total 90624K, used 23216K [0x00000000a0000000, 0x00000000a5880000, 0x00000000e0000000)
  object space 90624K, 25% used [0x00000000a0000000,0x00000000a16ac360,0x00000000a5880000)
 Metaspace       used 56259K, capacity 57854K, committed 58024K, reserved 1099776K
  class space    used 7674K, capacity 8089K, committed 8104K, reserved 1048576K
}
Event: 21.016 GC heap before
{Heap before GC invocations=17 (full 2):
 PSYoungGen      total 128000K, used 35102K [0x00000000e0000000, 0x00000000e9780000, 0x0000000100000000)
  eden space 115200K, 19% used [0x00000000e0000000,0x00000000e15ce4f8,0x00000000e7080000)
  from space 12800K, 99% used [0x00000000e7f80000,0x00000000e8bf9680,0x00000000e8c00000)
  to   space 15360K, 0% used [0x00000000e7080000,0x00000000e7080000,0x00000000e7f80000)
 ParOldGen       total 90624K, used 23216K [0x00000000a0000000, 0x00000000a5880000, 0x00000000e0000000)
  object space 90624K, 25% used [0x00000000a0000000,0x00000000a16ac360,0x00000000a5880000)
 Metaspace       used 57476K, capacity 59041K, committed 59160K, reserved 1099776K
  class space    used 7815K, capacity 8232K, committed 8232K, reserved 1048576K
Event: 21.030 GC heap after
Heap after GC invocations=17 (full 2):
 PSYoungGen      total 130560K, used 2318K [0x00000000e0000000, 0x00000000eaf00000, 0x0000000100000000)
  eden space 115200K, 0% used [0x00000000e0000000,0x00000000e0000000,0x00000000e7080000)
  from space 15360K, 15% used [0x00000000e7080000,0x00000000e72c3818,0x00000000e7f80000)
  to   space 15360K, 0% used [0x00000000ea000000,0x00000000ea000000,0x00000000eaf00000)
 ParOldGen       total 90624K, used 33317K [0x00000000a0000000, 0x00000000a5880000, 0x00000000e0000000)
  object space 90624K, 36% used [0x00000000a0000000,0x00000000a2089558,0x00000000a5880000)
 Metaspace       used 57476K, capacity 59041K, committed 59160K, reserved 1099776K
  class space    used 7815K, capacity 8232K, committed 8232K, reserved 1048576K
}
Event: 21.030 GC heap before
{Heap before GC invocations=18 (full 3):
 PSYoungGen      total 130560K, used 2318K [0x00000000e0000000, 0x00000000eaf00000, 0x0000000100000000)
  eden space 115200K, 0% used [0x00000000e0000000,0x00000000e0000000,0x00000000e7080000)
  from space 15360K, 15% used [0x00000000e7080000,0x00000000e72c3818,0x00000000e7f80000)
  to   space 15360K, 0% used [0x00000000ea000000,0x00000000ea000000,0x00000000eaf00000)
 ParOldGen       total 90624K, used 33317K [0x00000000a0000000, 0x00000000a5880000, 0x00000000e0000000)
  object space 90624K, 36% used [0x00000000a0000000,0x00000000a2089558,0x00000000a5880000)
 Metaspace       used 57476K, capacity 59041K, committed 59160K, reserved 1099776K
  class space    used 7815K, capacity 8232K, committed 8232K, reserved 1048576K
Event: 21.284 GC heap after
Heap after GC invocations=18 (full 3):
 PSYoungGen      total 130560K, used 0K [0x00000000e0000000, 0x00000000eaf00000, 0x0000000100000000)
  eden space 115200K, 0% used [0x00000000e0000000,0x00000000e0000000,0x00000000e7080000)
  from space 15360K, 0% used [0x00000000e7080000,0x00000000e7080000,0x00000000e7f80000)
  to   space 15360K, 0% used [0x00000000ea000000,0x00000000ea000000,0x00000000eaf00000)
 ParOldGen       total 136192K, used 31731K [0x00000000a0000000, 0x00000000a8500000, 0x00000000e0000000)
  object space 136192K, 23% used [0x00000000a0000000,0x00000000a1efcdc8,0x00000000a8500000)
 Metaspace       used 57476K, capacity 59041K, committed 59160K, reserved 1099776K
  class space    used 7815K, capacity 8232K, committed 8232K, reserved 1048576K
}
Event: 25.254 GC heap before
{Heap before GC invocations=19 (full 3):
 PSYoungGen      total 130560K, used 115200K [0x00000000e0000000, 0x00000000eaf00000, 0x0000000100000000)
  eden space 115200K, 100% used [0x00000000e0000000,0x00000000e7080000,0x00000000e7080000)
  from space 15360K, 0% used [0x00000000e7080000,0x00000000e7080000,0x00000000e7f80000)
  to   space 15360K, 0% used [0x00000000ea000000,0x00000000ea000000,0x00000000eaf00000)
 ParOldGen       total 136192K, used 31731K [0x00000000a0000000, 0x00000000a8500000, 0x00000000e0000000)
  object space 136192K, 23% used [0x00000000a0000000,0x00000000a1efcdc8,0x00000000a8500000)
 Metaspace       used 60412K, capacity 62455K, committed 62744K, reserved 1103872K
  class space    used 8225K, capacity 8704K, committed 8744K, reserved 1048576K
Event: 25.266 GC heap after
Heap after GC invocations=19 (full 3):
 PSYoungGen      total 147968K, used 10297K [0x00000000e0000000, 0x00000000eaa80000, 0x0000000100000000)
  eden space 137216K, 0% used [0x00000000e0000000,0x00000000e0000000,0x00000000e8600000)
  from space 10752K, 95% used [0x00000000ea000000,0x00000000eaa0e7f8,0x00000000eaa80000)
  to   space 15872K, 0% used [0x00000000e8b80000,0x00000000e8b80000,0x00000000e9b00000)
 ParOldGen       total 136192K, used 31739K [0x00000000a0000000, 0x00000000a8500000, 0x00000000e0000000)
  object space 136192K, 23% used [0x00000000a0000000,0x00000000a1efedc8,0x00000000a8500000)
 Metaspace       used 60412K, capacity 62455K, committed 62744K, reserved 1103872K
  class space    used 8225K, capacity 8704K, committed 8744K, reserved 1048576K
}
Event: 28.539 GC heap before
{Heap before GC invocations=20 (full 3):
 PSYoungGen      total 147968K, used 147513K [0x00000000e0000000, 0x00000000eaa80000, 0x0000000100000000)
  eden space 137216K, 100% used [0x00000000e0000000,0x00000000e8600000,0x00000000e8600000)
  from space 10752K, 95% used [0x00000000ea000000,0x00000000eaa0e7f8,0x00000000eaa80000)
  to   space 15872K, 0% used [0x00000000e8b80000,0x00000000e8b80000,0x00000000e9b00000)
 ParOldGen       total 136192K, used 31739K [0x00000000a0000000, 0x00000000a8500000, 0x00000000e0000000)
  object space 136192K, 23% used [0x00000000a0000000,0x00000000a1efedc8,0x00000000a8500000)
 Metaspace       used 64817K, capacity 66933K, committed 67096K, reserved 1107968K
  class space    used 8700K, capacity 9175K, committed 9256K, reserved 1048576K
Event: 28.570 GC heap after
Heap after GC invocations=20 (full 3):
 PSYoungGen      total 158720K, used 15852K [0x00000000e0000000, 0x00000000ec280000, 0x0000000100000000)
  eden space 142848K, 0% used [0x00000000e0000000,0x00000000e0000000,0x00000000e8b80000)
  from space 15872K, 99% used [0x00000000e8b80000,0x00000000e9afb2b0,0x00000000e9b00000)
  to   space 22016K, 0% used [0x00000000ead00000,0x00000000ead00000,0x00000000ec280000)
 ParOldGen       total 136192K, used 42259K [0x00000000a0000000, 0x00000000a8500000, 0x00000000e0000000)
  object space 136192K, 31% used [0x00000000a0000000,0x00000000a2944d08,0x00000000a8500000)
 Metaspace       used 64817K, capacity 66933K, committed 67096K, reserved 1107968K
  class space    used 8700K, capacity 9175K, committed 9256K, reserved 1048576K
}

