# JRE version: OpenJDK Runtime Environment (8.0_202-b03) (build 1.8.0_202-release-1483-b03)
# Java VM: OpenJDK 64-Bit Server VM (25.202-b03 mixed mode windows-amd64 compressed oops)
Heap:
 PSYoungGen      total 202752K, used 91849K [0x00000000e0000000, 0x00000000eea00000, 0x0000000100000000)
  eden space 185344K, 40% used [0x00000000e0000000,0x00000000e48b2b38,0x00000000eb500000)
  from space 17408K, 99% used [0x00000000ecc00000,0x00000000edcffc50,0x00000000edd00000)
  to   space 23552K, 0% used [0x00000000eb500000,0x00000000eb500000,0x00000000ecc00000)
 ParOldGen       total 140800K, used 44790K [0x00000000a0000000, 0x00000000a8980000, 0x00000000e0000000)
  object space 140800K, 31% used [0x00000000a0000000,0x00000000a2bbdbe8,0x00000000a8980000)
 Metaspace       used 65351K, capacity 67668K, committed 67864K, reserved 1107968K
  class space    used 8709K, capacity 9220K, committed 9256K, reserved 1048576K
GC Heap History (10 events):
Event: 8.665 GC heap before
{Heap before GC invocations=13 (full 2):
 PSYoungGen      total 144384K, used 144380K [0x00000000e0000000, 0x00000000ea700000, 0x0000000100000000)
  eden space 132608K, 100% used [0x00000000e0000000,0x00000000e8180000,0x00000000e8180000)
  from space 11776K, 99% used [0x00000000e9b80000,0x00000000ea6ff1b8,0x00000000ea700000)
  to   space 14336K, 0% used [0x00000000e8b00000,0x00000000e8b00000,0x00000000e9900000)
 ParOldGen       total 93696K, used 19979K [0x00000000a0000000, 0x00000000a5b80000, 0x00000000e0000000)
  object space 93696K, 21% used [0x00000000a0000000,0x00000000a1382f48,0x00000000a5b80000)
 Metaspace       used 54125K, capacity 55742K, committed 55976K, reserved 1097728K
  class space    used 7331K, capacity 7751K, committed 7848K, reserved 1048576K
Event: 8.687 GC heap after
Heap after GC invocations=13 (full 2):
 PSYoungGen      total 156672K, used 14076K [0x00000000e0000000, 0x00000000ebf00000, 0x0000000100000000)
  eden space 142336K, 0% used [0x00000000e0000000,0x00000000e0000000,0x00000000e8b00000)
  from space 14336K, 98% used [0x00000000e8b00000,0x00000000e98bf1b0,0x00000000e9900000)
  to   space 15872K, 0% used [0x00000000eaf80000,0x00000000eaf80000,0x00000000ebf00000)
 ParOldGen       total 93696K, used 26831K [0x00000000a0000000, 0x00000000a5b80000, 0x00000000e0000000)
  object space 93696K, 28% used [0x00000000a0000000,0x00000000a1a33d60,0x00000000a5b80000)
 Metaspace       used 54125K, capacity 55742K, committed 55976K, reserved 1097728K
  class space    used 7331K, capacity 7751K, committed 7848K, reserved 1048576K
}
Event: 9.343 GC heap before
{Heap before GC invocations=14 (full 2):
 PSYoungGen      total 156672K, used 65461K [0x00000000e0000000, 0x00000000ebf00000, 0x0000000100000000)
  eden space 142336K, 36% used [0x00000000e0000000,0x00000000e322e528,0x00000000e8b00000)
  from space 14336K, 98% used [0x00000000e8b00000,0x00000000e98bf1b0,0x00000000e9900000)
  to   space 15872K, 0% used [0x00000000eaf80000,0x00000000eaf80000,0x00000000ebf00000)
 ParOldGen       total 93696K, used 26831K [0x00000000a0000000, 0x00000000a5b80000, 0x00000000e0000000)
  object space 93696K, 28% used [0x00000000a0000000,0x00000000a1a33d60,0x00000000a5b80000)
 Metaspace       used 57547K, capacity 59126K, committed 59160K, reserved 1099776K
  class space    used 7827K, capacity 8229K, committed 8232K, reserved 1048576K
Event: 9.358 GC heap after
Heap after GC invocations=14 (full 2):
 PSYoungGen      total 179200K, used 12261K [0x00000000e0000000, 0x00000000ecd80000, 0x0000000100000000)
  eden space 163328K, 0% used [0x00000000e0000000,0x00000000e0000000,0x00000000e9f80000)
  from space 15872K, 77% used [0x00000000eaf80000,0x00000000ebb79598,0x00000000ebf00000)
  to   space 16384K, 0% used [0x00000000e9f80000,0x00000000e9f80000,0x00000000eaf80000)
 ParOldGen       total 93696K, used 26839K [0x00000000a0000000, 0x00000000a5b80000, 0x00000000e0000000)
  object space 93696K, 28% used [0x00000000a0000000,0x00000000a1a35d60,0x00000000a5b80000)
 Metaspace       used 57547K, capacity 59126K, committed 59160K, reserved 1099776K
  class space    used 7827K, capacity 8229K, committed 8232K, reserved 1048576K
}
Event: 9.359 GC heap before
{Heap before GC invocations=15 (full 3):
 PSYoungGen      total 179200K, used 12261K [0x00000000e0000000, 0x00000000ecd80000, 0x0000000100000000)
  eden space 163328K, 0% used [0x00000000e0000000,0x00000000e0000000,0x00000000e9f80000)
  from space 15872K, 77% used [0x00000000eaf80000,0x00000000ebb79598,0x00000000ebf00000)
  to   space 16384K, 0% used [0x00000000e9f80000,0x00000000e9f80000,0x00000000eaf80000)
 ParOldGen       total 93696K, used 26839K [0x00000000a0000000, 0x00000000a5b80000, 0x00000000e0000000)
  object space 93696K, 28% used [0x00000000a0000000,0x00000000a1a35d60,0x00000000a5b80000)
 Metaspace       used 57547K, capacity 59126K, committed 59160K, reserved 1099776K
  class space    used 7827K, capacity 8229K, committed 8232K, reserved 1048576K
Event: 9.587 GC heap after
Heap after GC invocations=15 (full 3):
 PSYoungGen      total 179200K, used 0K [0x00000000e0000000, 0x00000000ecd80000, 0x0000000100000000)
  eden space 163328K, 0% used [0x00000000e0000000,0x00000000e0000000,0x00000000e9f80000)
  from space 15872K, 0% used [0x00000000eaf80000,0x00000000eaf80000,0x00000000ebf00000)
  to   space 16384K, 0% used [0x00000000e9f80000,0x00000000e9f80000,0x00000000eaf80000)
 ParOldGen       total 140800K, used 33631K [0x00000000a0000000, 0x00000000a8980000, 0x00000000e0000000)
  object space 140800K, 23% used [0x00000000a0000000,0x00000000a20d7e78,0x00000000a8980000)
 Metaspace       used 57547K, capacity 59126K, committed 59160K, reserved 1099776K
  class space    used 7827K, capacity 8229K, committed 8232K, reserved 1048576K
}
Event: 12.141 GC heap before
{Heap before GC invocations=16 (full 3):
 PSYoungGen      total 179200K, used 163328K [0x00000000e0000000, 0x00000000ecd80000, 0x0000000100000000)
  eden space 163328K, 100% used [0x00000000e0000000,0x00000000e9f80000,0x00000000e9f80000)
  from space 15872K, 0% used [0x00000000eaf80000,0x00000000eaf80000,0x00000000ebf00000)
  to   space 16384K, 0% used [0x00000000e9f80000,0x00000000e9f80000,0x00000000eaf80000)
 ParOldGen       total 140800K, used 33631K [0x00000000a0000000, 0x00000000a8980000, 0x00000000e0000000)
  object space 140800K, 23% used [0x00000000a0000000,0x00000000a20d7e78,0x00000000a8980000)
 Metaspace       used 61429K, capacity 63642K, committed 63896K, reserved 1103872K
  class space    used 8329K, capacity 8821K, committed 8872K, reserved 1048576K
Event: 12.156 GC heap after
Heap after GC invocations=16 (full 3):
 PSYoungGen      total 179712K, used 13532K [0x00000000e0000000, 0x00000000edd00000, 0x0000000100000000)
  eden space 163328K, 0% used [0x00000000e0000000,0x00000000e0000000,0x00000000e9f80000)
  from space 16384K, 82% used [0x00000000e9f80000,0x00000000eacb7028,0x00000000eaf80000)
  to   space 17408K, 0% used [0x00000000ecc00000,0x00000000ecc00000,0x00000000edd00000)
 ParOldGen       total 140800K, used 33639K [0x00000000a0000000, 0x00000000a8980000, 0x00000000e0000000)
  object space 140800K, 23% used [0x00000000a0000000,0x00000000a20d9e78,0x00000000a8980000)
 Metaspace       used 61429K, capacity 63642K, committed 63896K, reserved 1103872K
  class space    used 8329K, capacity 8821K, committed 8872K, reserved 1048576K
}
Event: 13.928 GC heap before
{Heap before GC invocations=17 (full 3):
 PSYoungGen      total 179712K, used 176860K [0x00000000e0000000, 0x00000000edd00000, 0x0000000100000000)
  eden space 163328K, 100% used [0x00000000e0000000,0x00000000e9f80000,0x00000000e9f80000)
  from space 16384K, 82% used [0x00000000e9f80000,0x00000000eacb7028,0x00000000eaf80000)
  to   space 17408K, 0% used [0x00000000ecc00000,0x00000000ecc00000,0x00000000edd00000)
 ParOldGen       total 140800K, used 33639K [0x00000000a0000000, 0x00000000a8980000, 0x00000000e0000000)
  object space 140800K, 23% used [0x00000000a0000000,0x00000000a20d9e78,0x00000000a8980000)
 Metaspace       used 64925K, capacity 67112K, committed 67352K, reserved 1107968K
  class space    used 8665K, capacity 9138K, committed 9256K, reserved 1048576K
Event: 13.962 GC heap after
Heap after GC invocations=17 (full 3):
 PSYoungGen      total 202752K, used 17407K [0x00000000e0000000, 0x00000000eea00000, 0x0000000100000000)
  eden space 185344K, 0% used [0x00000000e0000000,0x00000000e0000000,0x00000000eb500000)
  from space 17408K, 99% used [0x00000000ecc00000,0x00000000edcffc50,0x00000000edd00000)
  to   space 23552K, 0% used [0x00000000eb500000,0x00000000eb500000,0x00000000ecc00000)
 ParOldGen       total 140800K, used 44790K [0x00000000a0000000, 0x00000000a8980000, 0x00000000e0000000)
  object space 140800K, 31% used [0x00000000a0000000,0x00000000a2bbdbe8,0x00000000a8980000)
 Metaspace       used 64925K, capacity 67112K, committed 67352K, reserved 1107968K
  class space    used 8665K, capacity 9138K, committed 9256K, reserved 1048576K
}

